  CollidingPolygons2D.cpp
  Dice.cpp
C:\Users\rogue\source\repos\CollisionPhysics\CollidingSquares2D\Dice.cpp(7,14): warning C4244: 'return': conversion from 'double' to 'int', possible loss of data
C:\Users\rogue\source\repos\CollisionPhysics\CollidingSquares2D\Dice.cpp(12,23): warning C4244: 'return': conversion from 'double' to 'int', possible loss of data
  Engine.cpp
  LinearAlgebra.cpp
  Polygon.cpp
C:\Users\rogue\source\repos\CollisionPhysics\CollidingSquares2D\Polygon.cpp(22,27): warning C4244: 'argument': conversion from 'double' to 'float', possible loss of data
C:\Users\rogue\source\repos\CollisionPhysics\CollidingSquares2D\Polygon.cpp(23,34): warning C4244: 'argument': conversion from 'double' to 'float', possible loss of data
C:\Users\rogue\source\repos\CollisionPhysics\CollidingSquares2D\Polygon.cpp(23,19): warning C4244: 'argument': conversion from 'double' to 'float', possible loss of data
C:\Users\rogue\source\repos\CollisionPhysics\CollidingSquares2D\Polygon.cpp(110,24): warning C4244: 'argument': conversion from 'double' to 'float', possible loss of data
C:\Users\rogue\source\repos\CollisionPhysics\CollidingSquares2D\Polygon.cpp(110,21): warning C4244: 'argument': conversion from 'double' to 'float', possible loss of data
C:\Users\rogue\source\repos\CollisionPhysics\CollidingSquares2D\Polygon.cpp(121,18): warning C4244: 'argument': conversion from 'double' to 'float', possible loss of data
C:\Users\rogue\source\repos\CollisionPhysics\CollidingSquares2D\Polygon.cpp(121,14): warning C4244: 'argument': conversion from 'double' to 'float', possible loss of data
C:\Users\rogue\source\repos\CollisionPhysics\CollidingSquares2D\Polygon.cpp(122,25): warning C4244: 'argument': conversion from 'double' to 'float', possible loss of data
  CollisionManager.cpp
C:\Users\rogue\source\repos\CollisionPhysics\CollidingSquares2D\CollisionManager.cpp(243,11): warning C4267: 'initializing': conversion from 'size_t' to 'int', possible loss of data
C:\Users\rogue\source\repos\CollisionPhysics\CollidingSquares2D\CollisionManager.cpp(319,18): warning C4267: 'initializing': conversion from 'size_t' to 'int', possible loss of data
  Generating code
  Previous IPDB was built with incompatible compiler, fall back to full compilation.
C:\Users\rogue\source\repos\CollisionPhysics\CollidingSquares2D\CollisionManager.cpp(327): warning C4172: returning address of local variable or temporary
C:\Users\rogue\source\repos\CollisionPhysics\CollidingSquares2D\CollisionManager.cpp(329): warning C4172: returning address of local variable or temporary
  All 375 functions were compiled because no usable IPDB/IOBJ from previous compilation was found.
  Finished generating code
  CollidingSquares2D.vcxproj -> C:\Users\rogue\source\repos\CollisionPhysics\CollidingSquares2D\x64\Release\CollidingSquares2D.exe
